/home/synopsys/syn/O-2018.06-SP1/auxx/gui/dv/dv_setup.tcl
/home/synopsys/syn/O-2018.06-SP1/auxx/gui/syn/snpsSynProcs.tcl
/home/synopsys/syn/O-2018.06-SP1/auxx/gui/syn/layout/pkgIndex.tcl
/home/synopsys/syn/O-2018.06-SP1/auxx/gui/common/tq/pkgIndex.tcl
/home/synopsys/syn/O-2018.06-SP1/auxx/gui/common/docBrowser/pkgIndex.tcl
/home/synopsys/syn/O-2018.06-SP1/auxx/gui/common/qtcl/pkgIndex.tcl
/home/synopsys/syn/O-2018.06-SP1/auxx/gui/common/profiler/pkgIndex.tcl
/home/synopsys/syn/O-2018.06-SP1/auxx/gui/common/highlight/pkgIndex.tcl
/home/synopsys/syn/O-2018.06-SP1/auxx/gui/common/tiledview/pkgIndex.tcl
/home/synopsys/syn/O-2018.06-SP1/auxx/gui/common/mrupalette/pkgIndex.tcl
/home/synopsys/syn/O-2018.06-SP1/auxx/gui/common/histogram/pkgIndex.tcl
/home/synopsys/syn/O-2018.06-SP1/auxx/gui/common/palettegroup/pkgIndex.tcl
/home/synopsys/syn/O-2018.06-SP1/auxx/gui/common/layout/pkgIndex.tcl
/home/synopsys/syn/O-2018.06-SP1/auxx/gui/common/select/pkgIndex.tcl
/home/synopsys/syn/O-2018.06-SP1/auxx/gui/common/pathinspector/pkgIndex.tcl
/home/synopsys/syn/O-2018.06-SP1/auxx/gui/common/regressionToolkit/pkgIndex.tcl
/home/synopsys/syn/O-2018.06-SP1/auxx/gui/common/fanoutviewer/pkgIndex.tcl
/home/synopsys/syn/O-2018.06-SP1/auxx/gui/common/table/pkgIndex.tcl
/home/synopsys/syn/O-2018.06-SP1/auxx/gui/common/opdlg/pkgIndex.tcl
/home/synopsys/syn/O-2018.06-SP1/auxx/gui/common/timing/pkgIndex.tcl
/home/synopsys/syn/O-2018.06-SP1/auxx/gui/common/acg/pkgIndex.tcl
/home/synopsys/syn/O-2018.06-SP1/auxx/gui/common/strokes/pkgIndex.tcl
/home/synopsys/syn/O-2018.06-SP1/auxx/gui/common/libviewer/pkgIndex.tcl
/home/synopsys/syn/O-2018.06-SP1/auxx/gui/common/menus/pkgIndex.tcl
/home/synopsys/syn/O-2018.06-SP1/auxx/gui/common/view/pkgIndex.tcl
/home/synopsys/syn/O-2018.06-SP1/auxx/gui/common/commandform/pkgIndex.tcl
/home/synopsys/syn/O-2018.06-SP1/auxx/gui/common/WindowFrameWork/pkgIndex.tcl
/home/synopsys/syn/O-2018.06-SP1/auxx/gui/common/schematic/pkgIndex.tcl
/home/synopsys/syn/O-2018.06-SP1/auxx/gui/common/misc/pkgIndex.tcl
/home/synopsys/syn/O-2018.06-SP1/auxx/gui/common/tcl-dp/pkgIndex.tcl
/home/synopsys/syn/O-2018.06-SP1/auxx/gui/common/dialogs/pkgIndex.tcl
/home/synopsys/syn/O-2018.06-SP1/auxx/gui/common/setup/pkgIndex.tcl
/home/synopsys/syn/O-2018.06-SP1/auxx/gui/common/hierarchy/pkgIndex.tcl
/home/synopsys/syn/O-2018.06-SP1/auxx/gui/dv/pkgIndex.tcl
/home/synopsys/syn/O-2018.06-SP1/auxx/syn/lib/pkgIndex.tcl
/home/synopsys/syn/O-2018.06-SP1/auxx/tcllib/lib/iwidgets4.1/pkgIndex.tcl
/home/synopsys/syn/O-2018.06-SP1/auxx/tcllib/snps_tcl/snpsTclPro/pkgIndex.tcl
/home/synopsys/syn/O-2018.06-SP1/auxx/tcllib/snps_tcl/snpsTest/pkgIndex.tcl
/home/synopsys/syn/O-2018.06-SP1/auxx/tcllib/snps_tcl/snpsUtils/pkgIndex.tcl
/home/synopsys/syn/O-2018.06-SP1/auxx/tcllib/snps_tcl/pkgIndex.tcl
/home/synopsys/syn/O-2018.06-SP1/auxx/tcllib/lib/tcl8.6/reg/pkgIndex.tcl
/home/synopsys/syn/O-2018.06-SP1/auxx/tcllib/lib/tcl8.6/dde/pkgIndex.tcl
/home/synopsys/syn/O-2018.06-SP1/auxx/tcllib/lib/tcl8.6/platform/pkgIndex.tcl
/home/synopsys/syn/O-2018.06-SP1/auxx/tcllib/lib/tcl8.6/tcltest/pkgIndex.tcl
/home/synopsys/syn/O-2018.06-SP1/auxx/tcllib/lib/tcl8.6/http/pkgIndex.tcl
/home/synopsys/syn/O-2018.06-SP1/auxx/tcllib/lib/tcl8.6/msgcat/pkgIndex.tcl
/home/synopsys/syn/O-2018.06-SP1/auxx/tcllib/lib/tcl8.6/http1.0/pkgIndex.tcl
/home/synopsys/syn/O-2018.06-SP1/auxx/tcllib/lib/tcl8.6/opt/pkgIndex.tcl
/home/synopsys/syn/O-2018.06-SP1/auxx/gui/common/setup/snpsCommonSetup.tcl
/home/synopsys/syn/O-2018.06-SP1/auxx/gui/common/setup/snpsCustomize.tcl
/home/synopsys/syn/O-2018.06-SP1/auxx/gui/common/setup/snpsProcheck.tcl
/home/synopsys/syn/O-2018.06-SP1/auxx/gui/common/qtcl/.synopsys_qtcl.tcl
/home/synopsys/syn/O-2018.06-SP1/auxx/gui/common/highlight/highlight.tcl
/home/synopsys/syn/O-2018.06-SP1/auxx/gui/common/misc/base.tcl
/home/synopsys/syn/O-2018.06-SP1/auxx/gui/common/misc/timing.tcl
/home/synopsys/syn/O-2018.06-SP1/auxx/gui/common/misc/setting.tcl
/home/synopsys/syn/O-2018.06-SP1/auxx/gui/common/misc/preset.tcl
/home/synopsys/syn/O-2018.06-SP1/auxx/gui/common/WindowFrameWork/windowFrameWork.tcl
/home/synopsys/syn/O-2018.06-SP1/auxx/gui/common/WindowFrameWork/skipBusyCursorCmdList.tcl
/home/synopsys/syn/O-2018.06-SP1/auxx/gui/common/docBrowser/docBrowser.tcl
/home/synopsys/syn/O-2018.06-SP1/auxx/tcllib/snps_tcl/snpsUtils/snpsUtils.tcl
/home/synopsys/syn/O-2018.06-SP1/auxx/gui/common/dialogs/ObjectChooser.tcl
/home/synopsys/syn/O-2018.06-SP1/auxx/gui/common/misc/DialogObjectChooser.tcl
/home/synopsys/syn/O-2018.06-SP1/auxx/gui/common/dialogs/HistBinInformation.tcl
/home/synopsys/syn/O-2018.06-SP1/auxx/gui/common/dialogs/HistBin1Information.tcl
/home/synopsys/syn/O-2018.06-SP1/auxx/gui/common/dialogs/BinsOnlyInformation.tcl
/home/synopsys/syn/O-2018.06-SP1/auxx/gui/common/dialogs/FileChooser.tcl
/home/synopsys/syn/O-2018.06-SP1/auxx/gui/common/dialogs/PathPinSimpleInfo.tcl
/home/synopsys/syn/O-2018.06-SP1/auxx/gui/common/dialogs/PathsBasicInfo.tcl
/home/synopsys/syn/O-2018.06-SP1/auxx/gui/common/dialogs/PathsBasicSimpleInfo.tcl
/home/synopsys/syn/O-2018.06-SP1/auxx/gui/common/dialogs/SlctOperationInfo.tcl
/home/synopsys/syn/O-2018.06-SP1/auxx/gui/common/dialogs/ObjectListInfo.tcl
/home/synopsys/syn/O-2018.06-SP1/auxx/gui/common/dialogs/FanInOutInfo.tcl
/home/synopsys/syn/O-2018.06-SP1/auxx/gui/common/dialogs/NumberOfLevelsChooser.tcl
/home/synopsys/syn/O-2018.06-SP1/auxx/gui/common/dialogs/WindowReuseInfo.tcl
/home/synopsys/syn/O-2018.06-SP1/auxx/gui/common/dialogs/ReportOutputOptionInfo.tcl
/home/synopsys/syn/O-2018.06-SP1/auxx/gui/common/setup/snpsCollections.tcl
/home/synopsys/syn/O-2018.06-SP1/auxx/gui/common/dialogs/CompileLinkDesign.tcl
/home/synopsys/syn/O-2018.06-SP1/auxx/gui/common/histogram/DialogEndpointSlack.tcl
/home/synopsys/syn/O-2018.06-SP1/auxx/gui/common/histogram/DialogPathsSlack.tcl
/home/synopsys/syn/O-2018.06-SP1/auxx/gui/common/histogram/DialogNetCapacitance.tcl
/home/synopsys/syn/O-2018.06-SP1/auxx/gui/common/schematic/DialogPathSchematicFanInOut.tcl
/home/synopsys/syn/O-2018.06-SP1/auxx/gui/common/schematic/DialogPathSchematicAddPaths.tcl
/home/ICer/FLOW/dc_flow/ddj_dc/scripts/dc_run.tcl
/home/ICer/svn/lz4/trunk/rtl/mem_intf.sv
/home/ICer/svn/lz4/trunk/rtl/lz4_ram.v
/home/ICer/svn/lz4/trunk/rtl/lz4_ram_wrapper.sv
/home/ICer/svn/lz4/trunk/rtl/lz4_search_pipeline.sv
/home/ICer/svn/lz4/trunk/rtl/lz4_encoder.sv
/home/ICer/svn/lz4/trunk/rtl/lz4_state.sv
/home/ICer/svn/lz4/trunk/rtl/lz4_output_coder.sv
/home/ICer/svn/lz4/trunk/rtl/ddj_top.sv
/home/ICer/svn/lz4/trunk/rtl/S55NLLGDPH_X256Y4D64_tt_1.2_25.db
/home/ICer/svn/lz4/trunk/rtl/S55NLLGDPH_X256Y4D8_tt_1.2_25.db
/home/synopsys/syn/O-2018.06-SP1/libraries/syn/gtech.db
/home/synopsys/syn/O-2018.06-SP1/libraries/syn/standard.sldb
/home/ICer/FLOW/dc_flow/ddj_dc/scripts/dc_parameter.tcl
/home/ICer/FLOW/dc_flow/ddj_dc/scripts/constraint.tcl
/home/synopsys/syn/O-2018.06-SP1/libraries/syn/dw_foundation.sldb
/home/ICer/synopsys_cache_O-2018.06-SP1/DW01/DW01_inc/rpl/10/generic_5019/element.ddc
/home/ICer/synopsys_cache_O-2018.06-SP1/DW01/DW01_cmp6/rpl/72/generic_5019/element.ddc
/home/ICer/synopsys_cache_O-2018.06-SP1/DW01/DW01_cmp6/rpl/64/generic_5019/element.ddc
/home/ICer/synopsys_cache_O-2018.06-SP1/DW01/DW01_cmp6/rpl/56/generic_5019/element.ddc
/home/ICer/synopsys_cache_O-2018.06-SP1/DW01/DW01_cmp6/rpl/48/generic_5019/element.ddc
/home/ICer/synopsys_cache_O-2018.06-SP1/DW01/DW01_cmp6/rpl/40/generic_5019/element.ddc
/home/ICer/synopsys_cache_O-2018.06-SP1/DW01/DW01_cmp6/rpl/32/generic_5019/element.ddc
/home/ICer/synopsys_cache_O-2018.06-SP1/DW01/DW01_cmp6/rpl/24/generic_5019/element.ddc
/home/ICer/synopsys_cache_O-2018.06-SP1/DW01/DW01_cmp6/rpl/16/generic_5019/element.ddc
/home/ICer/synopsys_cache_O-2018.06-SP1/DW01/DW01_cmp2/rpl/4/generic_5019/element.ddc
/home/ICer/synopsys_cache_O-2018.06-SP1/DW01/DW01_add/rpl/13/generic_5019/element.ddc
/home/ICer/synopsys_cache_O-2018.06-SP1/DW01/DW01_cmp2/rpl/3/generic_5019/element.ddc
/home/ICer/synopsys_cache_O-2018.06-SP1/DW01/DW01_add/rpl/5/generic_5019/element.ddc
/home/ICer/synopsys_cache_O-2018.06-SP1/DW01/DW01_sub/rpl/4/generic_5019/element.ddc
/home/ICer/synopsys_cache_O-2018.06-SP1/DW01/DW01_add/rpl/6/generic_5019/element.ddc
/home/ICer/synopsys_cache_O-2018.06-SP1/DW01/DW01_add/rpl/4/generic_5019/element.ddc
/home/ICer/synopsys_cache_O-2018.06-SP1/DW01/DW01_add/rpl/10/generic_5019/element.ddc
/home/ICer/synopsys_cache_O-2018.06-SP1/DW01/DW01_sub/rpl/13/generic_5019/element.ddc
/home/ICer/synopsys_cache_O-2018.06-SP1/DW02/DW02_mult/apparch/32/32/generic_5019/8167_8167/mapped.ddc
/home/ICer/synopsys_cache_O-2018.06-SP1/DW01/DW01_inc/rpl/13/generic_5019/element.ddc
